INFO | Request received: GET /
INFO | Sending response. Content-Type: application/json. Status: 200 (OK).
INFO | Request received: GET /
INFO | Sending response. Content-Type: application/json. Status: 200 (OK).
INFO | Request received: GET /
INFO | Sending response. Content-Type: application/json. Status: 200 (OK).
INFO | Request received: GET /
INFO | Sending response. Content-Type: application/json. Status: 200 (OK).
INFO | Request received: GET /
INFO | Sending response. Content-Type: application/json. Status: 200 (OK).
INFO | Request received: GET /
INFO | Sending response. Content-Type: application/json. Status: 200 (OK).
INFO | Request received: GET /
INFO | Sending response. Content-Type: application/json. Status: 200 (OK).
INFO | Request received: GET /
INFO | Sending response. Content-Type: application/json. Status: 200 (OK).
INFO | Request received: GET /
INFO | Sending response. Content-Type: application/json. Status: 200 (OK).
INFO | Request received: GET /
INFO | Sending response. Content-Type: application/json. Status: 200 (OK).
INFO | Request received: GET /
INFO | Sending response. Content-Type: application/json. Status: 200 (OK).
INFO | Request received: GET /
INFO | Sending response. Content-Type: application/json. Status: 200 (OK).
INFO | Request received: GET /
INFO | Sending response. Content-Type: application/json. Status: 500 (Internal Server Error).
INFO | Request received: GET /
INFO | Sending response. Content-Type: application/json. Status: 500 (Internal Server Error).
INFO | Request received: HELLO=WORLDGET /
INFO | Sending response. Content-Type: application/json. Status: 405 (Method Not Allowed).
INFO | Request received: GET /
INFO | Sending response. Content-Type: application/json. Status: 500 (Internal Server Error).
INFO | Request received: GET /
INFO | Sending response. Content-Type: application/json. Status: 500 (Internal Server Error).
INFO | Request received: GET /
INFO | Sending response. Content-Type: application/json. Status: 500 (Internal Server Error).
INFO | Request received: ----------------------------329387580440041418077695 undefined
INFO | Request received: GET /
INFO | Sending response. Content-Type: application/json. Status: 500 (Internal Server Error).
INFO | Request received: ----------------------------311214701416544171271573 undefined
undefined Request received: GET /
undefined Sending response. Content-Type: application/json. Status: 200 (OK).
